<?xml version="1.0" encoding="utf-8"?><testsuites name="pytest tests"><testsuite name="pytest" errors="0" failures="0" skipped="0" tests="11" time="16.775" timestamp="2026-02-02T15:19:26.940220+00:00" hostname="agent-env-3b4fc2ad-ed28-4e9e-820a-b7b4ad2a1457"><testcase classname="backend.tests.test_sirius_api.TestHealthAndAuth" name="test_api_root" time="0.826" /><testcase classname="backend.tests.test_sirius_api.TestHealthAndAuth" name="test_register_user" time="1.035" /><testcase classname="backend.tests.test_sirius_api.TestHealthAndAuth" name="test_login_user" time="1.039" /><testcase classname="backend.tests.test_sirius_api.TestHealthAndAuth" name="test_login_invalid_credentials" time="0.819" /><testcase classname="backend.tests.test_sirius_api.TestTransactions" name="test_create_transaction" time="1.659" /><testcase classname="backend.tests.test_sirius_api.TestTransactions" name="test_get_transactions" time="1.713" /><testcase classname="backend.tests.test_sirius_api.TestCreditCards" name="test_create_credit_card" time="1.862" /><testcase classname="backend.tests.test_sirius_api.TestCreditCards" name="test_get_credit_cards" time="1.679" /><testcase classname="backend.tests.test_sirius_api.TestFinanceStats" name="test_finance_stats" time="1.487" /><testcase classname="backend.tests.test_sirius_api.TestChat" name="test_chat_send_transaction" time="2.926" /><testcase classname="backend.tests.test_sirius_api.TestChat" name="test_chat_get_messages" time="1.672" /></testsuite></testsuites>