<?xml version="1.0" encoding="utf-8"?><testsuites name="pytest tests"><testsuite name="pytest" errors="0" failures="0" skipped="3" tests="8" time="13.361" timestamp="2026-03-19T01:20:11.607783+00:00" hostname="agent-env-86a978b4-f38b-4228-aff0-ea7a592eacad"><testcase classname="backend.tests.test_new_features.TestAuthentication" name="test_login_success" time="1.945" /><testcase classname="backend.tests.test_new_features.TestChatIntentClassification" name="test_general_question_returns_general_intent" time="3.597" /><testcase classname="backend.tests.test_new_features.TestChatIntentClassification" name="test_create_goal_returns_goal_intent" time="0.788" /><testcase classname="backend.tests.test_new_features.TestWorkoutGenerationWithHealthCondition" name="test_workout_generate_accepts_health_condition" time="1.268"><skipped type="pytest.skip" message="Gemini API quota exhausted (500 with 429 detail) - expected during testing">/app/backend/tests/test_new_features.py:117: Gemini API quota exhausted (500 with 429 detail) - expected during testing</skipped></testcase><testcase classname="backend.tests.test_new_features.TestNutritionImportPlan" name="test_import_plan_endpoint_exists" time="0.824" /><testcase classname="backend.tests.test_new_features.TestNutritionImportPlan" name="test_import_plan_rejects_invalid_file_type" time="0.374" /><testcase classname="backend.tests.test_new_features.TestNutritionImportPlan" name="test_import_plan_accepts_valid_file_type" time="1.028"><skipped type="pytest.skip" message="Gemini API error (500) - expected during testing with minimal test image">/app/backend/tests/test_new_features.py:203: Gemini API error (500) - expected during testing with minimal test image</skipped></testcase><testcase classname="backend.tests.test_new_features.TestChatContextEnrichment" name="test_chat_responds_with_context" time="3.474"><skipped type="pytest.skip" message="Gemini API quota exhausted - expected during testing">/app/backend/tests/test_new_features.py:240: Gemini API quota exhausted - expected during testing</skipped></testcase></testsuite></testsuites>