<?xml version="1.0" encoding="utf-8"?><testsuites name="pytest tests"><testsuite name="pytest" errors="0" failures="0" skipped="0" tests="5" time="82.183" timestamp="2026-03-19T00:22:28.174382+00:00" hostname="agent-env-86a978b4-f38b-4228-aff0-ea7a592eacad"><testcase classname="backend.tests.test_workout_generation.TestWorkoutGeneration" name="test_generate_periodo_mode_dia" time="57.480" /><testcase classname="backend.tests.test_workout_generation.TestWorkoutGeneration" name="test_get_workout_plans_with_split_fields" time="2.003" /><testcase classname="backend.tests.test_workout_generation.TestWorkoutGeneration" name="test_generate_periodo_mode_invalid_level" time="20.597" /><testcase classname="backend.tests.test_workout_generation.TestWorkoutGeneration" name="test_generate_without_auth" time="0.211" /><testcase classname="backend.tests.test_workout_generation.TestWorkoutPlansAPI" name="test_get_workout_plans" time="1.833" /></testsuite></testsuites>